\BOOKMARK [1][-]{section.1}{\376\377\000I\000n\000t\000r\000o\000d\000u\000c\000t\000i\000o\000n}{}% 1
\BOOKMARK [1][-]{section.2}{\376\377\000E\000x\000p\000e\000r\000i\000m\000e\000n\000t\000\040\000s\000e\000t\000u\000p}{}% 2
\BOOKMARK [2][-]{subsection.2.1}{\376\377\000H\000u\000n\000g\000a\000r\000i\000a\000n\000\040\000s\000u\000r\000v\000e\000y}{section.2}% 3
\BOOKMARK [3][-]{subsubsection.2.1.1}{\376\377\000M\000a\000t\000e\000r\000i\000a\000l\000s}{subsection.2.1}% 4
\BOOKMARK [3][-]{subsubsection.2.1.2}{\376\377\000P\000r\000o\000c\000e\000d\000u\000r\000e}{subsection.2.1}% 5
\BOOKMARK [3][-]{subsubsection.2.1.3}{\376\377\000P\000a\000r\000t\000i\000c\000i\000p\000a\000n\000t\000s}{subsection.2.1}% 6
\BOOKMARK [1][-]{section.3}{\376\377\000M\000a\000n\000d\000a\000r\000i\000n\000\040\000C\000h\000i\000n\000e\000s\000e\000\040\000s\000u\000r\000v\000e\000y}{}% 7
\BOOKMARK [1][-]{section.4}{\376\377\000R\000e\000s\000u\000l\000t\000s\000\040\000\046\000\040\000A\000n\000a\000l\000y\000s\000i\000s}{}% 8
\BOOKMARK [2][-]{subsection.4.1}{\376\377\000H\000u\000n\000g\000a\000r\000i\000a\000n}{section.4}% 9
\BOOKMARK [2][-]{subsection.4.2}{\376\377\000C\000h\000i\000n\000e\000s\000e}{section.4}% 10
\BOOKMARK [2][-]{subsection.4.3}{\376\377\000C\000r\000o\000s\000s\000-\000l\000i\000n\000g\000u\000i\000s\000t\000i\000c\000\040\000c\000o\000m\000p\000a\000r\000i\000s\000o\000n}{section.4}% 11
\BOOKMARK [1][-]{section.5}{\376\377\000E\000x\000p\000e\000r\000i\000m\000e\000n\000t\000\040\000d\000e\000s\000i\000g\000n}{}% 12
\BOOKMARK [1][-]{section.6}{\376\377\000I\000n\000t\000r\000o\000d\000u\000c\000t\000i\000o\000n}{}% 13
\BOOKMARK [1][-]{section.7}{\376\377\000E\000n\000g\000i\000n\000e\000s}{}% 14
\BOOKMARK [1][-]{section.8}{\376\377\000P\000r\000e\000a\000m\000b\000l\000e}{}% 15
\BOOKMARK [1][-]{section.9}{\376\377\000D\000o\000c\000u\000m\000e\000n\000t\000\040\000B\000o\000d\000y}{}% 16
\BOOKMARK [2][-]{subsection.9.1}{\376\377\000F\000o\000o\000t\000n\000o\000t\000e\000s}{section.9}% 17
\BOOKMARK [2][-]{subsection.9.2}{\376\377\000T\000a\000b\000l\000e\000s\000\040\000a\000n\000d\000\040\000f\000i\000g\000u\000r\000e\000s}{section.9}% 18
\BOOKMARK [2][-]{subsection.9.3}{\376\377\000H\000y\000p\000e\000r\000l\000i\000n\000k\000s}{section.9}% 19
\BOOKMARK [2][-]{subsection.9.4}{\376\377\000C\000i\000t\000a\000t\000i\000o\000n\000s}{section.9}% 20
\BOOKMARK [2][-]{subsection.9.5}{\376\377\000R\000e\000f\000e\000r\000e\000n\000c\000e\000s}{section.9}% 21
\BOOKMARK [2][-]{subsection.9.6}{\376\377\000E\000q\000u\000a\000t\000i\000o\000n\000s}{section.9}% 22
\BOOKMARK [2][-]{subsection.9.7}{\376\377\000A\000p\000p\000e\000n\000d\000i\000c\000e\000s}{section.9}% 23
\BOOKMARK [1][-]{section.10}{\376\377\000B\000i\000b\000T\000e\000X\000\040\000F\000i\000l\000e\000s}{}% 24
\BOOKMARK [1][-]{appendix.A}{\376\377\000E\000x\000a\000m\000p\000l\000e\000\040\000A\000p\000p\000e\000n\000d\000i\000x}{}% 25
